# JRE version: OpenJDK Runtime Environment (8.0_212-b04) (build 1.8.0_212-release-1586-b04)
# Java VM: OpenJDK 64-Bit Server VM (25.212-b04 mixed mode windows-amd64 compressed oops)
Heap:
 PSYoungGen      total 246784K, used 62844K [0x00000000e0000000, 0x00000000f0d00000, 0x0000000100000000)
  eden space 218112K, 15% used [0x00000000e0000000,0x00000000e2165c60,0x00000000ed500000)
  from space 28672K, 99% used [0x00000000ed500000,0x00000000ef0f9728,0x00000000ef100000)
  to   space 23552K, 0% used [0x00000000ef300000,0x00000000ef300000,0x00000000f0a00000)
 ParOldGen       total 144896K, used 56008K [0x00000000a0000000, 0x00000000a8d80000, 0x00000000e0000000)
  object space 144896K, 38% used [0x00000000a0000000,0x00000000a36b2188,0x00000000a8d80000)
 Metaspace       used 76820K, capacity 80228K, committed 80536K, reserved 1118208K
  class space    used 10093K, capacity 10803K, committed 10920K, reserved 1048576K
GC Heap History (10 events):
Event: 32.977 GC heap before
{Heap before GC invocations=12 (full 2):
 PSYoungGen      total 159744K, used 156358K [0x00000000e0000000, 0x00000000edd00000, 0x0000000100000000)
  eden space 145408K, 97% used [0x00000000e0000000,0x00000000e8ab5910,0x00000000e8e00000)
  from space 14336K, 99% used [0x00000000e8e00000,0x00000000e9bfc2b8,0x00000000e9c00000)
  to   space 17920K, 0% used [0x00000000ecb80000,0x00000000ecb80000,0x00000000edd00000)
 ParOldGen       total 93696K, used 22248K [0x00000000a0000000, 0x00000000a5b80000, 0x00000000e0000000)
  object space 93696K, 23% used [0x00000000a0000000,0x00000000a15ba1c8,0x00000000a5b80000)
 Metaspace       used 57385K, capacity 59100K, committed 59160K, reserved 1099776K
  class space    used 7760K, capacity 8177K, committed 8232K, reserved 1048576K
Event: 33.077 GC heap after
Heap after GC invocations=12 (full 2):
 PSYoungGen      total 203264K, used 17915K [0x00000000e0000000, 0x00000000ee700000, 0x0000000100000000)
  eden space 185344K, 0% used [0x00000000e0000000,0x00000000e0000000,0x00000000eb500000)
  from space 17920K, 99% used [0x00000000ecb80000,0x00000000edcfedd0,0x00000000edd00000)
  to   space 23040K, 0% used [0x00000000eb500000,0x00000000eb500000,0x00000000ecb80000)
 ParOldGen       total 93696K, used 29107K [0x00000000a0000000, 0x00000000a5b80000, 0x00000000e0000000)
  object space 93696K, 31% used [0x00000000a0000000,0x00000000a1c6cf68,0x00000000a5b80000)
 Metaspace       used 57385K, capacity 59100K, committed 59160K, reserved 1099776K
  class space    used 7760K, capacity 8177K, committed 8232K, reserved 1048576K
}
Event: 33.077 GC heap before
{Heap before GC invocations=13 (full 3):
 PSYoungGen      total 203264K, used 17915K [0x00000000e0000000, 0x00000000ee700000, 0x0000000100000000)
  eden space 185344K, 0% used [0x00000000e0000000,0x00000000e0000000,0x00000000eb500000)
  from space 17920K, 99% used [0x00000000ecb80000,0x00000000edcfedd0,0x00000000edd00000)
  to   space 23040K, 0% used [0x00000000eb500000,0x00000000eb500000,0x00000000ecb80000)
 ParOldGen       total 93696K, used 29107K [0x00000000a0000000, 0x00000000a5b80000, 0x00000000e0000000)
  object space 93696K, 31% used [0x00000000a0000000,0x00000000a1c6cf68,0x00000000a5b80000)
 Metaspace       used 57385K, capacity 59100K, committed 59160K, reserved 1099776K
  class space    used 7760K, capacity 8177K, committed 8232K, reserved 1048576K
Event: 33.627 GC heap after
Heap after GC invocations=13 (full 3):
 PSYoungGen      total 203264K, used 0K [0x00000000e0000000, 0x00000000ee700000, 0x0000000100000000)
  eden space 185344K, 0% used [0x00000000e0000000,0x00000000e0000000,0x00000000eb500000)
  from space 17920K, 0% used [0x00000000ecb80000,0x00000000ecb80000,0x00000000edd00000)
  to   space 23040K, 0% used [0x00000000eb500000,0x00000000eb500000,0x00000000ecb80000)
 ParOldGen       total 144896K, used 40126K [0x00000000a0000000, 0x00000000a8d80000, 0x00000000e0000000)
  object space 144896K, 27% used [0x00000000a0000000,0x00000000a272fae8,0x00000000a8d80000)
 Metaspace       used 57385K, capacity 59100K, committed 59160K, reserved 1099776K
  class space    used 7760K, capacity 8177K, committed 8232K, reserved 1048576K
}
Event: 41.711 GC heap before
{Heap before GC invocations=14 (full 3):
 PSYoungGen      total 203264K, used 185344K [0x00000000e0000000, 0x00000000ee700000, 0x0000000100000000)
  eden space 185344K, 100% used [0x00000000e0000000,0x00000000eb500000,0x00000000eb500000)
  from space 17920K, 0% used [0x00000000ecb80000,0x00000000ecb80000,0x00000000edd00000)
  to   space 23040K, 0% used [0x00000000eb500000,0x00000000eb500000,0x00000000ecb80000)
 ParOldGen       total 144896K, used 40126K [0x00000000a0000000, 0x00000000a8d80000, 0x00000000e0000000)
  object space 144896K, 27% used [0x00000000a0000000,0x00000000a272fae8,0x00000000a8d80000)
 Metaspace       used 63807K, capacity 66108K, committed 66328K, reserved 1105920K
  class space    used 8651K, capacity 9159K, committed 9256K, reserved 1048576K
Event: 41.761 GC heap after
Heap after GC invocations=14 (full 3):
 PSYoungGen      total 208384K, used 15528K [0x00000000e0000000, 0x00000000f0a00000, 0x0000000100000000)
  eden space 185344K, 0% used [0x00000000e0000000,0x00000000e0000000,0x00000000eb500000)
  from space 23040K, 67% used [0x00000000eb500000,0x00000000ec42a0d0,0x00000000ecb80000)
  to   space 23552K, 0% used [0x00000000ef300000,0x00000000ef300000,0x00000000f0a00000)
 ParOldGen       total 144896K, used 40134K [0x00000000a0000000, 0x00000000a8d80000, 0x00000000e0000000)
  object space 144896K, 27% used [0x00000000a0000000,0x00000000a2731ae8,0x00000000a8d80000)
 Metaspace       used 63807K, capacity 66108K, committed 66328K, reserved 1105920K
  class space    used 8651K, capacity 9159K, committed 9256K, reserved 1048576K
}
Event: 206.458 GC heap before
{Heap before GC invocations=15 (full 3):
 PSYoungGen      total 208384K, used 200872K [0x00000000e0000000, 0x00000000f0a00000, 0x0000000100000000)
  eden space 185344K, 100% used [0x00000000e0000000,0x00000000eb500000,0x00000000eb500000)
  from space 23040K, 67% used [0x00000000eb500000,0x00000000ec42a0d0,0x00000000ecb80000)
  to   space 23552K, 0% used [0x00000000ef300000,0x00000000ef300000,0x00000000f0a00000)
 ParOldGen       total 144896K, used 40134K [0x00000000a0000000, 0x00000000a8d80000, 0x00000000e0000000)
  object space 144896K, 27% used [0x00000000a0000000,0x00000000a2731ae8,0x00000000a8d80000)
 Metaspace       used 73264K, capacity 76360K, committed 76440K, reserved 1116160K
  class space    used 9689K, capacity 10335K, committed 10408K, reserved 1048576K
Event: 206.518 GC heap after
Heap after GC invocations=15 (full 3):
 PSYoungGen      total 241664K, used 23522K [0x00000000e0000000, 0x00000000f0d00000, 0x0000000100000000)
  eden space 218112K, 0% used [0x00000000e0000000,0x00000000e0000000,0x00000000ed500000)
  from space 23552K, 99% used [0x00000000ef300000,0x00000000f09f89a8,0x00000000f0a00000)
  to   space 28672K, 0% used [0x00000000ed500000,0x00000000ed500000,0x00000000ef100000)
 ParOldGen       total 144896K, used 44686K [0x00000000a0000000, 0x00000000a8d80000, 0x00000000e0000000)
  object space 144896K, 30% used [0x00000000a0000000,0x00000000a2ba3b08,0x00000000a8d80000)
 Metaspace       used 73264K, capacity 76360K, committed 76440K, reserved 1116160K
  class space    used 9689K, capacity 10335K, committed 10408K, reserved 1048576K
}
Event: 234.389 GC heap before
{Heap before GC invocations=16 (full 3):
 PSYoungGen      total 241664K, used 241634K [0x00000000e0000000, 0x00000000f0d00000, 0x0000000100000000)
  eden space 218112K, 100% used [0x00000000e0000000,0x00000000ed500000,0x00000000ed500000)
  from space 23552K, 99% used [0x00000000ef300000,0x00000000f09f89a8,0x00000000f0a00000)
  to   space 28672K, 0% used [0x00000000ed500000,0x00000000ed500000,0x00000000ef100000)
 ParOldGen       total 144896K, used 44686K [0x00000000a0000000, 0x00000000a8d80000, 0x00000000e0000000)
  object space 144896K, 30% used [0x00000000a0000000,0x00000000a2ba3b08,0x00000000a8d80000)
 Metaspace       used 76736K, capacity 80158K, committed 80280K, reserved 1118208K
  class space    used 10088K, capacity 10802K, committed 10920K, reserved 1048576K
Event: 234.920 GC heap after
Heap after GC invocations=16 (full 3):
 PSYoungGen      total 246784K, used 28645K [0x00000000e0000000, 0x00000000f0d00000, 0x0000000100000000)
  eden space 218112K, 0% used [0x00000000e0000000,0x00000000e0000000,0x00000000ed500000)
  from space 28672K, 99% used [0x00000000ed500000,0x00000000ef0f9728,0x00000000ef100000)
  to   space 23552K, 0% used [0x00000000ef300000,0x00000000ef300000,0x00000000f0a00000)
 ParOldGen       total 144896K, used 56008K [0x00000000a0000000, 0x00000000a8d80000, 0x00000000e0000000)
  object space 144896K, 38% used [0x00000000a0000000,0x00000000a36b2188,0x00000000a8d80000)
 Metaspace       used 76736K, capacity 80158K, committed 80280K, reserved 1118208K
  class space    used 10088K, capacity 10802K, committed 10920K, reserved 1048576K
}

