# JRE version: OpenJDK Runtime Environment (8.0_212-b04) (build 1.8.0_212-release-1586-b04)
# Java VM: OpenJDK 64-Bit Server VM (25.212-b04 mixed mode windows-amd64 compressed oops)
Heap:
 PSYoungGen      total 360448K, used 286793K [0x00000000e0000000, 0x00000000f8900000, 0x0000000100000000)
  eden space 333312K, 84% used [0x00000000e0000000,0x00000000f13134e0,0x00000000f4580000)
  from space 27136K, 18% used [0x00000000f4580000,0x00000000f4a7f0e8,0x00000000f6000000)
  to   space 25600K, 0% used [0x00000000f6000000,0x00000000f6000000,0x00000000f7900000)
 ParOldGen       total 122880K, used 94640K [0x00000000a0000000, 0x00000000a7800000, 0x00000000e0000000)
  object space 122880K, 77% used [0x00000000a0000000,0x00000000a5c6c368,0x00000000a7800000)
 Metaspace       used 76684K, capacity 79822K, committed 80000K, reserved 1118208K
  class space    used 10219K, capacity 10832K, committed 10880K, reserved 1048576K
GC Heap History (10 events):
Event: 39.408 GC heap before
{Heap before GC invocations=16 (full 3):
 PSYoungGen      total 222720K, used 217896K [0x00000000e0000000, 0x00000000ef180000, 0x0000000100000000)
  eden space 202752K, 100% used [0x00000000e0000000,0x00000000ec600000,0x00000000ec600000)
  from space 19968K, 75% used [0x00000000eda80000,0x00000000ee94a130,0x00000000eee00000)
  to   space 20992K, 0% used [0x00000000ec600000,0x00000000ec600000,0x00000000eda80000)
 ParOldGen       total 122880K, used 38604K [0x00000000a0000000, 0x00000000a7800000, 0x00000000e0000000)
  object space 122880K, 31% used [0x00000000a0000000,0x00000000a25b30f8,0x00000000a7800000)
 Metaspace       used 71119K, capacity 73676K, committed 73856K, reserved 1112064K
  class space    used 9707K, capacity 10247K, committed 10368K, reserved 1048576K
Event: 39.476 GC heap after
Heap after GC invocations=16 (full 3):
 PSYoungGen      total 223744K, used 20961K [0x00000000e0000000, 0x00000000f2880000, 0x0000000100000000)
  eden space 202752K, 0% used [0x00000000e0000000,0x00000000e0000000,0x00000000ec600000)
  from space 20992K, 99% used [0x00000000ec600000,0x00000000eda78620,0x00000000eda80000)
  to   space 28160K, 0% used [0x00000000f0d00000,0x00000000f0d00000,0x00000000f2880000)
 ParOldGen       total 122880K, used 50147K [0x00000000a0000000, 0x00000000a7800000, 0x00000000e0000000)
  object space 122880K, 40% used [0x00000000a0000000,0x00000000a30f8c00,0x00000000a7800000)
 Metaspace       used 71119K, capacity 73676K, committed 73856K, reserved 1112064K
  class space    used 9707K, capacity 10247K, committed 10368K, reserved 1048576K
}
Event: 44.791 GC heap before
{Heap before GC invocations=17 (full 3):
 PSYoungGen      total 223744K, used 223713K [0x00000000e0000000, 0x00000000f2880000, 0x0000000100000000)
  eden space 202752K, 100% used [0x00000000e0000000,0x00000000ec600000,0x00000000ec600000)
  from space 20992K, 99% used [0x00000000ec600000,0x00000000eda78620,0x00000000eda80000)
  to   space 28160K, 0% used [0x00000000f0d00000,0x00000000f0d00000,0x00000000f2880000)
 ParOldGen       total 122880K, used 50147K [0x00000000a0000000, 0x00000000a7800000, 0x00000000e0000000)
  object space 122880K, 40% used [0x00000000a0000000,0x00000000a30f8c00,0x00000000a7800000)
 Metaspace       used 75124K, capacity 78106K, committed 78336K, reserved 1116160K
  class space    used 10110K, capacity 10696K, committed 10752K, reserved 1048576K
Event: 44.977 GC heap after
Heap after GC invocations=17 (full 3):
 PSYoungGen      total 276480K, used 8627K [0x00000000e0000000, 0x00000000f3000000, 0x0000000100000000)
  eden space 248320K, 0% used [0x00000000e0000000,0x00000000e0000000,0x00000000ef280000)
  from space 28160K, 30% used [0x00000000f0d00000,0x00000000f156ced8,0x00000000f2880000)
  to   space 27136K, 0% used [0x00000000ef280000,0x00000000ef280000,0x00000000f0d00000)
 ParOldGen       total 122880K, used 70588K [0x00000000a0000000, 0x00000000a7800000, 0x00000000e0000000)
  object space 122880K, 57% used [0x00000000a0000000,0x00000000a44ef220,0x00000000a7800000)
 Metaspace       used 75124K, capacity 78106K, committed 78336K, reserved 1116160K
  class space    used 10110K, capacity 10696K, committed 10752K, reserved 1048576K
}
Event: 47.691 GC heap before
{Heap before GC invocations=18 (full 3):
 PSYoungGen      total 276480K, used 256947K [0x00000000e0000000, 0x00000000f3000000, 0x0000000100000000)
  eden space 248320K, 100% used [0x00000000e0000000,0x00000000ef280000,0x00000000ef280000)
  from space 28160K, 30% used [0x00000000f0d00000,0x00000000f156ced8,0x00000000f2880000)
  to   space 27136K, 0% used [0x00000000ef280000,0x00000000ef280000,0x00000000f0d00000)
 ParOldGen       total 122880K, used 70588K [0x00000000a0000000, 0x00000000a7800000, 0x00000000e0000000)
  object space 122880K, 57% used [0x00000000a0000000,0x00000000a44ef220,0x00000000a7800000)
 Metaspace       used 75667K, capacity 78670K, committed 78848K, reserved 1118208K
  class space    used 10155K, capacity 10738K, committed 10752K, reserved 1048576K
Event: 47.901 GC heap after
Heap after GC invocations=18 (full 3):
 PSYoungGen      total 275456K, used 12176K [0x00000000e0000000, 0x00000000f7900000, 0x0000000100000000)
  eden space 248320K, 0% used [0x00000000e0000000,0x00000000e0000000,0x00000000ef280000)
  from space 27136K, 44% used [0x00000000ef280000,0x00000000efe64010,0x00000000f0d00000)
  to   space 25600K, 0% used [0x00000000f6000000,0x00000000f6000000,0x00000000f7900000)
 ParOldGen       total 122880K, used 70596K [0x00000000a0000000, 0x00000000a7800000, 0x00000000e0000000)
  object space 122880K, 57% used [0x00000000a0000000,0x00000000a44f1220,0x00000000a7800000)
 Metaspace       used 75667K, capacity 78670K, committed 78848K, reserved 1118208K
  class space    used 10155K, capacity 10738K, committed 10752K, reserved 1048576K
}
Event: 50.771 GC heap before
{Heap before GC invocations=19 (full 3):
 PSYoungGen      total 275456K, used 260496K [0x00000000e0000000, 0x00000000f7900000, 0x0000000100000000)
  eden space 248320K, 100% used [0x00000000e0000000,0x00000000ef280000,0x00000000ef280000)
  from space 27136K, 44% used [0x00000000ef280000,0x00000000efe64010,0x00000000f0d00000)
  to   space 25600K, 0% used [0x00000000f6000000,0x00000000f6000000,0x00000000f7900000)
 ParOldGen       total 122880K, used 70596K [0x00000000a0000000, 0x00000000a7800000, 0x00000000e0000000)
  object space 122880K, 57% used [0x00000000a0000000,0x00000000a44f1220,0x00000000a7800000)
 Metaspace       used 76022K, capacity 79056K, committed 79104K, reserved 1118208K
  class space    used 10172K, capacity 10745K, committed 10752K, reserved 1048576K
Event: 51.053 GC heap after
Heap after GC invocations=19 (full 3):
 PSYoungGen      total 358912K, used 19829K [0x00000000e0000000, 0x00000000f8900000, 0x0000000100000000)
  eden space 333312K, 0% used [0x00000000e0000000,0x00000000e0000000,0x00000000f4580000)
  from space 25600K, 77% used [0x00000000f6000000,0x00000000f735d710,0x00000000f7900000)
  to   space 27136K, 0% used [0x00000000f4580000,0x00000000f4580000,0x00000000f6000000)
 ParOldGen       total 122880K, used 78044K [0x00000000a0000000, 0x00000000a7800000, 0x00000000e0000000)
  object space 122880K, 63% used [0x00000000a0000000,0x00000000a4c370d0,0x00000000a7800000)
 Metaspace       used 76022K, capacity 79056K, committed 79104K, reserved 1118208K
  class space    used 10172K, capacity 10745K, committed 10752K, reserved 1048576K
}
Event: 58.554 GC heap before
{Heap before GC invocations=20 (full 3):
 PSYoungGen      total 358912K, used 353141K [0x00000000e0000000, 0x00000000f8900000, 0x0000000100000000)
  eden space 333312K, 100% used [0x00000000e0000000,0x00000000f4580000,0x00000000f4580000)
  from space 25600K, 77% used [0x00000000f6000000,0x00000000f735d710,0x00000000f7900000)
  to   space 27136K, 0% used [0x00000000f4580000,0x00000000f4580000,0x00000000f6000000)
 ParOldGen       total 122880K, used 78044K [0x00000000a0000000, 0x00000000a7800000, 0x00000000e0000000)
  object space 122880K, 63% used [0x00000000a0000000,0x00000000a4c370d0,0x00000000a7800000)
 Metaspace       used 76483K, capacity 79550K, committed 79744K, reserved 1118208K
  class space    used 10201K, capacity 10830K, committed 10880K, reserved 1048576K
Event: 58.721 GC heap after
Heap after GC invocations=20 (full 3):
 PSYoungGen      total 360448K, used 5116K [0x00000000e0000000, 0x00000000f8900000, 0x0000000100000000)
  eden space 333312K, 0% used [0x00000000e0000000,0x00000000e0000000,0x00000000f4580000)
  from space 27136K, 18% used [0x00000000f4580000,0x00000000f4a7f0e8,0x00000000f6000000)
  to   space 25600K, 0% used [0x00000000f6000000,0x00000000f6000000,0x00000000f7900000)
 ParOldGen       total 122880K, used 94640K [0x00000000a0000000, 0x00000000a7800000, 0x00000000e0000000)
  object space 122880K, 77% used [0x00000000a0000000,0x00000000a5c6c368,0x00000000a7800000)
 Metaspace       used 76483K, capacity 79550K, committed 79744K, reserved 1118208K
  class space    used 10201K, capacity 10830K, committed 10880K, reserved 1048576K
}

