# JRE version: OpenJDK Runtime Environment (8.0_212-b04) (build 1.8.0_212-release-1586-b04)
# Java VM: OpenJDK 64-Bit Server VM (25.212-b04 mixed mode windows-amd64 compressed oops)
Heap:
 PSYoungGen      total 379904K, used 170329K [0x00000000e0000000, 0x00000000f9200000, 0x0000000100000000)
  eden space 348160K, 48% used [0x00000000e0000000,0x00000000ea6566c8,0x00000000f5400000)
  from space 31744K, 0% used [0x00000000f5400000,0x00000000f5400000,0x00000000f7300000)
  to   space 28160K, 0% used [0x00000000f7680000,0x00000000f7680000,0x00000000f9200000)
 ParOldGen       total 200704K, used 91279K [0x00000000a0000000, 0x00000000ac400000, 0x00000000e0000000)
  object space 200704K, 45% used [0x00000000a0000000,0x00000000a5923e90,0x00000000ac400000)
 Metaspace       used 117102K, capacity 121526K, committed 122112K, reserved 1155072K
  class space    used 14822K, capacity 15729K, committed 15872K, reserved 1048576K
GC Heap History (10 events):
Event: 321.924 GC heap before
{Heap before GC invocations=31 (full 3):
 PSYoungGen      total 331776K, used 51427K [0x00000000e0000000, 0x00000000f9580000, 0x0000000100000000)
  eden space 300032K, 16% used [0x00000000e0000000,0x00000000e2f2a468,0x00000000f2500000)
  from space 31744K, 9% used [0x00000000f2500000,0x00000000f280e7d0,0x00000000f4400000)
  to   space 31744K, 0% used [0x00000000f7680000,0x00000000f7680000,0x00000000f9580000)
 ParOldGen       total 140288K, used 91308K [0x00000000a0000000, 0x00000000a8900000, 0x00000000e0000000)
  object space 140288K, 65% used [0x00000000a0000000,0x00000000a592b390,0x00000000a8900000)
 Metaspace       used 94734K, capacity 98414K, committed 98560K, reserved 1134592K
  class space    used 12148K, capacity 12947K, committed 13056K, reserved 1048576K
Event: 321.947 GC heap after
Heap after GC invocations=31 (full 3):
 PSYoungGen      total 376320K, used 2129K [0x00000000e0000000, 0x00000000f9200000, 0x0000000100000000)
  eden space 348160K, 0% used [0x00000000e0000000,0x00000000e0000000,0x00000000f5400000)
  from space 28160K, 7% used [0x00000000f7680000,0x00000000f7894638,0x00000000f9200000)
  to   space 31744K, 0% used [0x00000000f5400000,0x00000000f5400000,0x00000000f7300000)
 ParOldGen       total 140288K, used 92420K [0x00000000a0000000, 0x00000000a8900000, 0x00000000e0000000)
  object space 140288K, 65% used [0x00000000a0000000,0x00000000a5a413c0,0x00000000a8900000)
 Metaspace       used 94734K, capacity 98414K, committed 98560K, reserved 1134592K
  class space    used 12148K, capacity 12947K, committed 13056K, reserved 1048576K
}
Event: 321.947 GC heap before
{Heap before GC invocations=32 (full 4):
 PSYoungGen      total 376320K, used 2129K [0x00000000e0000000, 0x00000000f9200000, 0x0000000100000000)
  eden space 348160K, 0% used [0x00000000e0000000,0x00000000e0000000,0x00000000f5400000)
  from space 28160K, 7% used [0x00000000f7680000,0x00000000f7894638,0x00000000f9200000)
  to   space 31744K, 0% used [0x00000000f5400000,0x00000000f5400000,0x00000000f7300000)
 ParOldGen       total 140288K, used 92420K [0x00000000a0000000, 0x00000000a8900000, 0x00000000e0000000)
  object space 140288K, 65% used [0x00000000a0000000,0x00000000a5a413c0,0x00000000a8900000)
 Metaspace       used 94734K, capacity 98414K, committed 98560K, reserved 1134592K
  class space    used 12148K, capacity 12947K, committed 13056K, reserved 1048576K
Event: 322.602 GC heap after
Heap after GC invocations=32 (full 4):
 PSYoungGen      total 376320K, used 0K [0x00000000e0000000, 0x00000000f9200000, 0x0000000100000000)
  eden space 348160K, 0% used [0x00000000e0000000,0x00000000e0000000,0x00000000f5400000)
  from space 28160K, 0% used [0x00000000f7680000,0x00000000f7680000,0x00000000f9200000)
  to   space 31744K, 0% used [0x00000000f5400000,0x00000000f5400000,0x00000000f7300000)
 ParOldGen       total 200704K, used 70834K [0x00000000a0000000, 0x00000000ac400000, 0x00000000e0000000)
  object space 200704K, 35% used [0x00000000a0000000,0x00000000a452c9f0,0x00000000ac400000)
 Metaspace       used 94681K, capacity 98276K, committed 98560K, reserved 1134592K
  class space    used 12133K, capacity 12920K, committed 13056K, reserved 1048576K
}
Event: 330.377 GC heap before
{Heap before GC invocations=33 (full 4):
 PSYoungGen      total 376320K, used 348160K [0x00000000e0000000, 0x00000000f9200000, 0x0000000100000000)
  eden space 348160K, 100% used [0x00000000e0000000,0x00000000f5400000,0x00000000f5400000)
  from space 28160K, 0% used [0x00000000f7680000,0x00000000f7680000,0x00000000f9200000)
  to   space 31744K, 0% used [0x00000000f5400000,0x00000000f5400000,0x00000000f7300000)
 ParOldGen       total 200704K, used 70834K [0x00000000a0000000, 0x00000000ac400000, 0x00000000e0000000)
  object space 200704K, 35% used [0x00000000a0000000,0x00000000a452c9f0,0x00000000ac400000)
 Metaspace       used 106873K, capacity 110588K, committed 110848K, reserved 1146880K
  class space    used 13489K, capacity 14326K, committed 14336K, reserved 1048576K
Event: 331.543 GC heap after
Heap after GC invocations=33 (full 4):
 PSYoungGen      total 379904K, used 31729K [0x00000000e0000000, 0x00000000f9200000, 0x0000000100000000)
  eden space 348160K, 0% used [0x00000000e0000000,0x00000000e0000000,0x00000000f5400000)
  from space 31744K, 99% used [0x00000000f5400000,0x00000000f72fc6a0,0x00000000f7300000)
  to   space 28160K, 0% used [0x00000000f7680000,0x00000000f7680000,0x00000000f9200000)
 ParOldGen       total 200704K, used 174715K [0x00000000a0000000, 0x00000000ac400000, 0x00000000e0000000)
  object space 200704K, 87% used [0x00000000a0000000,0x00000000aaa9ed18,0x00000000ac400000)
 Metaspace       used 106873K, capacity 110588K, committed 110848K, reserved 1146880K
  class space    used 13489K, capacity 14326K, committed 14336K, reserved 1048576K
}
Event: 331.543 GC heap before
{Heap before GC invocations=34 (full 5):
 PSYoungGen      total 379904K, used 31729K [0x00000000e0000000, 0x00000000f9200000, 0x0000000100000000)
  eden space 348160K, 0% used [0x00000000e0000000,0x00000000e0000000,0x00000000f5400000)
  from space 31744K, 99% used [0x00000000f5400000,0x00000000f72fc6a0,0x00000000f7300000)
  to   space 28160K, 0% used [0x00000000f7680000,0x00000000f7680000,0x00000000f9200000)
 ParOldGen       total 200704K, used 174715K [0x00000000a0000000, 0x00000000ac400000, 0x00000000e0000000)
  object space 200704K, 87% used [0x00000000a0000000,0x00000000aaa9ed18,0x00000000ac400000)
 Metaspace       used 106873K, capacity 110588K, committed 110848K, reserved 1146880K
  class space    used 13489K, capacity 14326K, committed 14336K, reserved 1048576K
Event: 333.744 GC heap after
Heap after GC invocations=34 (full 5):
 PSYoungGen      total 379904K, used 0K [0x00000000e0000000, 0x00000000f9200000, 0x0000000100000000)
  eden space 348160K, 0% used [0x00000000e0000000,0x00000000e0000000,0x00000000f5400000)
  from space 31744K, 0% used [0x00000000f5400000,0x00000000f5400000,0x00000000f7300000)
  to   space 28160K, 0% used [0x00000000f7680000,0x00000000f7680000,0x00000000f9200000)
 ParOldGen       total 200704K, used 199246K [0x00000000a0000000, 0x00000000ac400000, 0x00000000e0000000)
  object space 200704K, 99% used [0x00000000a0000000,0x00000000ac293ab0,0x00000000ac400000)
 Metaspace       used 106873K, capacity 110588K, committed 110848K, reserved 1146880K
  class space    used 13489K, capacity 14326K, committed 14336K, reserved 1048576K
}
Event: 347.470 GC heap before
{Heap before GC invocations=35 (full 6):
 PSYoungGen      total 379904K, used 348160K [0x00000000e0000000, 0x00000000f9200000, 0x0000000100000000)
  eden space 348160K, 100% used [0x00000000e0000000,0x00000000f5400000,0x00000000f5400000)
  from space 31744K, 0% used [0x00000000f5400000,0x00000000f5400000,0x00000000f7300000)
  to   space 28160K, 0% used [0x00000000f7680000,0x00000000f7680000,0x00000000f9200000)
 ParOldGen       total 200704K, used 199246K [0x00000000a0000000, 0x00000000ac400000, 0x00000000e0000000)
  object space 200704K, 99% used [0x00000000a0000000,0x00000000ac293ab0,0x00000000ac400000)
 Metaspace       used 117026K, capacity 121658K, committed 121856K, reserved 1155072K
  class space    used 14853K, capacity 15799K, committed 15872K, reserved 1048576K
Event: 348.189 GC heap after
Heap after GC invocations=35 (full 6):
 PSYoungGen      total 379904K, used 0K [0x00000000e0000000, 0x00000000f9200000, 0x0000000100000000)
  eden space 348160K, 0% used [0x00000000e0000000,0x00000000e0000000,0x00000000f5400000)
  from space 31744K, 0% used [0x00000000f5400000,0x00000000f5400000,0x00000000f7300000)
  to   space 28160K, 0% used [0x00000000f7680000,0x00000000f7680000,0x00000000f9200000)
 ParOldGen       total 200704K, used 91279K [0x00000000a0000000, 0x00000000ac400000, 0x00000000e0000000)
  object space 200704K, 45% used [0x00000000a0000000,0x00000000a5923e90,0x00000000ac400000)
 Metaspace       used 116901K, capacity 121298K, committed 121856K, reserved 1155072K
  class space    used 14812K, capacity 15727K, committed 15872K, reserved 1048576K
}

